  [1m[36m (18.3ms)[0m  [1mCREATE TABLE "schema_migrations" ("version" varchar NOT NULL) [0m
  [1m[35m (0.3ms)[0m  select sqlite_version(*)
  [1m[36m (5.5ms)[0m  [1mCREATE UNIQUE INDEX "unique_schema_migrations" ON "schema_migrations" ("version")[0m
  [1m[35mActiveRecord::SchemaMigration Load (0.3ms)[0m  SELECT "schema_migrations".* FROM "schema_migrations"
Migrating to DeviseCreateUsers (20160312232930)
  [1m[36m (0.2ms)[0m  [1mbegin transaction[0m
  [1m[35m (0.9ms)[0m  CREATE TABLE "users" ("id" INTEGER PRIMARY KEY AUTOINCREMENT NOT NULL, "email" varchar DEFAULT '' NOT NULL, "encrypted_password" varchar DEFAULT '' NOT NULL, "reset_password_token" varchar, "reset_password_sent_at" datetime, "remember_created_at" datetime, "sign_in_count" integer DEFAULT 0 NOT NULL, "current_sign_in_at" datetime, "last_sign_in_at" datetime, "current_sign_in_ip" varchar, "last_sign_in_ip" varchar, "created_at" datetime NOT NULL, "updated_at" datetime NOT NULL) 
  [1m[36m (0.5ms)[0m  [1mCREATE UNIQUE INDEX "index_users_on_email" ON "users" ("email")[0m
  [1m[35m (0.2ms)[0m              SELECT sql
            FROM sqlite_master
            WHERE name='index_users_on_email' AND type='index'
            UNION ALL
            SELECT sql
            FROM sqlite_temp_master
            WHERE name='index_users_on_email' AND type='index'

  [1m[36m (0.5ms)[0m  [1mCREATE UNIQUE INDEX "index_users_on_reset_password_token" ON "users" ("reset_password_token")[0m
  [1m[35mSQL (0.4ms)[0m  INSERT INTO "schema_migrations" ("version") VALUES (?)  [["version", "20160312232930"]]
  [1m[36m (19.4ms)[0m  [1mcommit transaction[0m
  [1m[35mActiveRecord::SchemaMigration Load (0.4ms)[0m  SELECT "schema_migrations".* FROM "schema_migrations"
  [1m[36m (0.3ms)[0m  [1m            SELECT sql
            FROM sqlite_master
            WHERE name='index_users_on_reset_password_token' AND type='index'
            UNION ALL
            SELECT sql
            FROM sqlite_temp_master
            WHERE name='index_users_on_reset_password_token' AND type='index'
[0m
  [1m[35m (0.3ms)[0m              SELECT sql
            FROM sqlite_master
            WHERE name='index_users_on_email' AND type='index'
            UNION ALL
            SELECT sql
            FROM sqlite_temp_master
            WHERE name='index_users_on_email' AND type='index'



Started GET "/" for 127.0.0.1 at 2016-03-13 00:33:06 +0100
  [1m[36mActiveRecord::SchemaMigration Load (0.4ms)[0m  [1mSELECT "schema_migrations".* FROM "schema_migrations"[0m
Processing by WelcomeController#index as HTML
  Rendered welcome/index.html.erb within layouts/application (2.8ms)
  Rendered layouts/_shim.html.erb (0.8ms)
  Rendered layouts/_header.html.erb (0.7ms)
  Rendered layouts/_footer.html.erb (1.3ms)
Completed 200 OK in 20137ms (Views: 20119.9ms | ActiveRecord: 0.0ms)


Started GET "/assets/application.self-e80e8f2318043e8af94dddc2adad5a4f09739a8ebb323b3ab31cd71d45fd9113.css?body=1" for 127.0.0.1 at 2016-03-13 00:33:27 +0100


Started GET "/assets/custom.self-aeea4499327fe58f24df98e03725342b1952d967c492141891ed78cf5a27dcf5.css?body=1" for 127.0.0.1 at 2016-03-13 00:33:27 +0100


Started GET "/assets/jquery_ujs.self-d602bdfe68ffc63b9f9cc512872aa3cfff046228a0a36e90dd476e8ef54c1b09.js?body=1" for 127.0.0.1 at 2016-03-13 00:33:27 +0100


Started GET "/assets/welcome.self-e3b0c44298fc1c149afbf4c8996fb92427ae41e4649b934ca495991b7852b855.css?body=1" for 127.0.0.1 at 2016-03-13 00:33:27 +0100


Started GET "/assets/jquery.self-c64a74367bda6ef8b860f19e74df08927ca99d2be2ac934e9e92d5fd361e0da4.js?body=1" for 127.0.0.1 at 2016-03-13 00:33:27 +0100


Started GET "/assets/turbolinks.self-c37727e9bd6b2735da5c311aa83fead54ed0be6cc8bd9a65309e9c5abe2cbfff.js?body=1" for 127.0.0.1 at 2016-03-13 00:33:27 +0100


Started GET "/assets/bootstrap/affix.self-3555752f8a930795ee9e56751a52e6871104ae85d01b3ab8363da3802a5ecc78.js?body=1" for 127.0.0.1 at 2016-03-13 00:33:27 +0100


Started GET "/assets/bootstrap/alert.self-d8b7bd612b3dcfdefb7b5539b9d5848d66ccbd3e7af8bb8d48bfb3288aaa7be8.js?body=1" for 127.0.0.1 at 2016-03-13 00:33:27 +0100


Started GET "/assets/bootstrap/button.self-e74d33ba39500940a78d6fa4d2d64f6ca7fd86d60a2149641f7fde7ba711d8a1.js?body=1" for 127.0.0.1 at 2016-03-13 00:33:27 +0100


Started GET "/assets/bootstrap/carousel.self-35d204878d906298e55bc24553e11fd89b980fc4ffe5792fe36af8c0da289c54.js?body=1" for 127.0.0.1 at 2016-03-13 00:33:27 +0100


Started GET "/assets/bootstrap/collapse.self-056c40532d9f0f126ec17e839f60c942f573fbd61a086e7f156306e3fc5e8c1f.js?body=1" for 127.0.0.1 at 2016-03-13 00:33:27 +0100


Started GET "/assets/bootstrap/modal.self-62463080dba6b9d024ff0a3192da0e76eacbc683194f3395047c6f5cfa0acb59.js?body=1" for 127.0.0.1 at 2016-03-13 00:33:27 +0100


Started GET "/assets/bootstrap/scrollspy.self-52afd90e8ba97d9f08617a13986e8869d6c4a45751c0bff59a6f91241e722aca.js?body=1" for 127.0.0.1 at 2016-03-13 00:33:27 +0100


Started GET "/assets/bootstrap/transition.self-3b268d4cd8c79e46ded7392885f72f64ffb5b0d49948a12b8cf9779f6163e13a.js?body=1" for 127.0.0.1 at 2016-03-13 00:33:27 +0100


Started GET "/assets/bootstrap/tab.self-dad0d5c377f9fae26394484535ebb23ccf68afae084f896af6ea4cdf8c9f6ae0.js?body=1" for 127.0.0.1 at 2016-03-13 00:33:27 +0100


Started GET "/assets/bootstrap/dropdown.self-e56c2ffee4618411d43ecf15c89273f6223847ad756e1cd17545d04afa732ed4.js?body=1" for 127.0.0.1 at 2016-03-13 00:33:27 +0100


Started GET "/assets/bootstrap/tooltip.self-facdc69246a072acb927ded77ff655f7c27a518b9357fddd45d119fbc8a0ab9f.js?body=1" for 127.0.0.1 at 2016-03-13 00:33:27 +0100


Started GET "/assets/bootstrap/popover.self-210cff1fb4b72b71a29b5122180cb5937c8145cd13a934dc838280f1d9607a3e.js?body=1" for 127.0.0.1 at 2016-03-13 00:33:27 +0100


Started GET "/assets/bootstrap-sprockets.self-fbfa5ad7d9aa0afe439ec4ff3883acc4cb92b62cb67c40d674320c9aa1d4642d.js?body=1" for 127.0.0.1 at 2016-03-13 00:33:27 +0100


Started GET "/assets/welcome.self-877aef30ae1b040ab8a3aba4e3e309a11d7f2612f44dde450b5c157aa5f95c05.js?body=1" for 127.0.0.1 at 2016-03-13 00:33:27 +0100


Started GET "/assets/application.self-afc009509889f8690f75314a62265ecf49f4c5905f9d1a86a5aef48911856612.js?body=1" for 127.0.0.1 at 2016-03-13 00:33:27 +0100


Started GET "/users/sign_up" for 127.0.0.1 at 2016-03-13 00:33:44 +0100
Processing by Devise::RegistrationsController#new as HTML
  Rendered /home/olek/.rvm/gems/ruby-2.2.1/gems/devise-3.5.2/app/views/devise/shared/_links.html.erb (15.5ms)
  Rendered /home/olek/.rvm/gems/ruby-2.2.1/gems/devise-3.5.2/app/views/devise/registrations/new.html.erb within layouts/application (225.1ms)
  Rendered layouts/_shim.html.erb (0.1ms)
  Rendered layouts/_header.html.erb (0.1ms)
  Rendered layouts/_footer.html.erb (0.1ms)
Completed 200 OK in 742ms (Views: 698.4ms | ActiveRecord: 1.3ms)


Started GET "/assets/bootstrap/glyphicons-halflings-regular-fe185d11a49676890d47bb783312a0cda5a44c4039214094e7957b4c040ef11c.woff2" for 127.0.0.1 at 2016-03-13 00:33:45 +0100


Started GET "/users/sign_in" for 127.0.0.1 at 2016-03-13 00:35:19 +0100
Processing by Devise::SessionsController#new as HTML
  Rendered devise/shared/_links.html.erb (25.6ms)
  Rendered devise/sessions/new.html.erb within layouts/application (68.1ms)
  Rendered layouts/_shim.html.erb (0.1ms)
  Rendered layouts/_header.html.erb (0.1ms)
  Rendered layouts/_footer.html.erb (0.2ms)
Completed 200 OK in 293ms (Views: 189.7ms | ActiveRecord: 0.0ms)


Started GET "/users/sign_up" for 127.0.0.1 at 2016-03-13 00:35:27 +0100
Processing by Devise::RegistrationsController#new as HTML
  Rendered devise/shared/_links.html.erb (6.2ms)
  Rendered devise/registrations/new.html.erb within layouts/application (18.9ms)
  Rendered layouts/_shim.html.erb (0.1ms)
  Rendered layouts/_header.html.erb (0.1ms)
  Rendered layouts/_footer.html.erb (0.2ms)
Completed 200 OK in 146ms (Views: 144.2ms | ActiveRecord: 0.0ms)
